<?xml version="1.0" encoding="UTF-8"?>
<!-- Generated by org.testng.reporters.JUnitXMLReporter -->
<testsuite ignored="0" hostname="Beast" failures="0" tests="5" name="Default test" time="13.278" errors="0" timestamp="17 Feb 2025 12:54:12 GMT">
  <testcase classname="testcases.RegisterTests" name="registerWithAlreadyRegisteredEmail" time="1.967"/>
  <testcase classname="testcases.RegisterTests" name="registerWithInvalidEmailFormat" time="1.416"/>
  <testcase classname="testcases.RegisterTests" name="registerWithMissingFields" time="1.298"/>
  <testcase classname="testcases.RegisterTests" name="registerWithTakenUsername" time="1.412"/>
  <testcase classname="testcases.RegisterTests" name="registerWithValidDetails" time="5.68"/>
</testsuite> <!-- Default test -->
