<?xml version="1.0" encoding="UTF-8"?>
<testng-results ignored="0" total="5" passed="5" failed="0" skipped="0">
  <reporter-output>
  </reporter-output>
  <suite started-at="2025-02-17T12:53:59Z" name="Default suite" finished-at="2025-02-17T12:54:12Z" duration-ms="13278">
    <groups>
    </groups>
    <test started-at="2025-02-17T12:53:59Z" name="Default test" finished-at="2025-02-17T12:54:12Z" duration-ms="13278">
      <class name="testcases.RegisterTests">
        <test-method is-config="true" signature="setup()[pri:0, instance:testcases.RegisterTests@188598ad]" started-at="2025-02-17T13:53:59Z" name="setup" finished-at="2025-02-17T13:54:00Z" duration-ms="1342" status="PASS">
          <reporter-output>
          </reporter-output>
        </test-method> <!-- setup -->
        <test-method signature="registerWithAlreadyRegisteredEmail()[pri:0, instance:testcases.RegisterTests@188598ad]" started-at="2025-02-17T13:54:00Z" name="registerWithAlreadyRegisteredEmail" finished-at="2025-02-17T13:54:02Z" duration-ms="1967" status="PASS">
          <reporter-output>
          </reporter-output>
        </test-method> <!-- registerWithAlreadyRegisteredEmail -->
        <test-method signature="registerWithInvalidEmailFormat()[pri:0, instance:testcases.RegisterTests@188598ad]" started-at="2025-02-17T13:54:02Z" name="registerWithInvalidEmailFormat" finished-at="2025-02-17T13:54:04Z" duration-ms="1416" status="PASS">
          <reporter-output>
          </reporter-output>
        </test-method> <!-- registerWithInvalidEmailFormat -->
        <test-method signature="registerWithMissingFields()[pri:0, instance:testcases.RegisterTests@188598ad]" started-at="2025-02-17T13:54:04Z" name="registerWithMissingFields" finished-at="2025-02-17T13:54:05Z" duration-ms="1298" status="PASS">
          <reporter-output>
          </reporter-output>
        </test-method> <!-- registerWithMissingFields -->
        <test-method signature="registerWithTakenUsername()[pri:0, instance:testcases.RegisterTests@188598ad]" started-at="2025-02-17T13:54:05Z" name="registerWithTakenUsername" finished-at="2025-02-17T13:54:06Z" duration-ms="1412" status="PASS">
          <reporter-output>
          </reporter-output>
        </test-method> <!-- registerWithTakenUsername -->
        <test-method signature="registerWithValidDetails()[pri:0, instance:testcases.RegisterTests@188598ad]" started-at="2025-02-17T13:54:06Z" name="registerWithValidDetails" finished-at="2025-02-17T13:54:12Z" duration-ms="5680" status="PASS">
          <reporter-output>
          </reporter-output>
        </test-method> <!-- registerWithValidDetails -->
        <test-method is-config="true" signature="tearDown()[pri:0, instance:testcases.RegisterTests@188598ad]" started-at="2025-02-17T13:54:12Z" name="tearDown" finished-at="2025-02-17T13:54:12Z" duration-ms="146" status="PASS">
          <reporter-output>
          </reporter-output>
        </test-method> <!-- tearDown -->
      </class> <!-- testcases.RegisterTests -->
    </test> <!-- Default test -->
  </suite> <!-- Default suite -->
</testng-results>
